<?xml version="1.0" encoding="UTF-8"?>
<testng-results ignored="0" total="1" passed="1" failed="0" skipped="0">
  <reporter-output>
  </reporter-output>
  <suite started-at="2020-07-24T10:05:07Z" name="Default suite" finished-at="2020-07-24T10:05:06Z" duration-ms="-110">
    <groups>
    </groups>
    <test started-at="2020-07-24T11:04:57Z" name="Default test" finished-at="2020-07-24T10:05:06Z" duration-ms="-3590519">
      <class name="testng_new">
        <test-method signature="verify()[pri:0, instance:testng_new@3bbc39f8]" started-at="2020-07-24T11:04:57Z" name="verify" finished-at="2020-07-24T10:05:06Z" duration-ms="-3590559" status="PASS">
          <reporter-output>
          </reporter-output>
        </test-method> <!-- verify -->
      </class> <!-- testng_new -->
    </test> <!-- Default test -->
  </suite> <!-- Default suite -->
</testng-results>
